<?xml version="1.0" encoding="UTF-8"?>
<!-- Generated by org.testng.reporters.JUnitReportReporter -->
<testsuite skipped="0" hostname="N-20N3PF2279ZL" name="seleniumpipeline.concepts.LoginPageTest" tests="1" failures="0" timestamp="12 Jun 2021 17:13:51 GMT" time="3.554" errors="0">
  <testcase name="searchTest_01" time="3.554" classname="seleniumpipeline.concepts.LoginPageTest"/>
</testsuite> <!-- seleniumpipeline.concepts.LoginPageTest -->
