<?xml version="1.0" encoding="UTF-8"?>
<!-- Generated by org.testng.reporters.JUnitReportReporter -->
<testsuite skipped="0" hostname="N-20N3PF2279ZL" name="seleniumpipeline.test.LoginPageTest" tests="1" failures="0" timestamp="2021-06-12T23:41:01 IST" time="3.893" errors="0">
  <testcase name="searchTest_01" time="3.893" classname="seleniumpipeline.test.LoginPageTest"/>
  <system-out/>
</testsuite> <!-- seleniumpipeline.test.LoginPageTest -->
