<?xml version="1.0" encoding="UTF-8"?>
<!-- Generated by org.testng.reporters.JUnitReportReporter -->
<testsuite hostname="N-20N3PF2279ZL" failures="0" tests="2" name="seleniumpipeline.test.SetUpDockerGrid" time="20.065" errors="0" timestamp="2021-06-13T01:48:03 IST" skipped="0">
  <testcase classname="seleniumpipeline.test.SetUpDockerGrid" name="startDockerGrid" time="15.025"/>
  <system-out/>
  <testcase classname="seleniumpipeline.test.SetUpDockerGrid" name="stopDockerGrid" time="5.040"/>
  <system-out/>
</testsuite> <!-- seleniumpipeline.test.SetUpDockerGrid -->
