<?xml version="1.0" encoding="UTF-8"?>
<!-- Generated by org.testng.reporters.JUnitReportReporter -->
<testsuite skipped="0" hostname="N-20N3PF2279ZL" name="seleniumpipeline.test.TestChrome_1" tests="1" failures="0" timestamp="2021-06-13T01:38:08 IST" time="5.060" errors="0">
  <testcase name="testChrome" time="5.060" classname="seleniumpipeline.test.TestChrome_1"/>
  <system-out/>
</testsuite> <!-- seleniumpipeline.test.TestChrome_1 -->
