<?xml version="1.0" encoding="UTF-8"?>
<!-- Generated by org.testng.reporters.JUnitReportReporter -->
<testsuite skipped="0" hostname="N-20N3PF2279ZL" name="seleniumpipeline.test.TestFireFox_3" tests="1" failures="0" timestamp="2021-06-13T01:15:18 IST" time="18.104" errors="0">
  <testcase name="testFireFox" time="18.104" classname="seleniumpipeline.test.TestFireFox_3"/>
  <system-out/>
</testsuite> <!-- seleniumpipeline.test.TestFireFox_3 -->
